${LOG_PATTERN${LOG_PATTERN${LOG_PATTERN${LOG_PATTERN${LOG_PATTERN${LOG_PATTERN${LOG_PATTERN${LOG_PATTERN${LOG_PATTERN${LOG_PATTERN${LOG_PATTERN${LOG_PATTERN${LOG_PATTERN${LOG_PATTERN${LOG_PATTERN${LOG_PATTERN${LOG_PATTERN${LOG_PATTERN${LOG_PATTERN${LOG_PATTERN${LOG_PATTERN${LOG_PATTERN${LOG_PATTERN${LOG_PATTERN${LOG_PATTERN${LOG_PATTERN${LOG_PATTERN${LOG_PATTERN${LOG_PATTERN${LOG_PATTERN${LOG_PATTERN${LOG_PATTERN${LOG_PATTERN${LOG_PATTERN${LOG_PATTERN${LOG_PATTERN${LOG_PATTERN${LOG_PATTERN${LOG_PATTERN${LOG_PATTERN${LOG_PATTERN${LOG_PATTERN${LOG_PATTERN${LOG_PATTERN${LOG_PATTERN${LOG_PATTERN${LOG_PATTERN${LOG_PATTERN${LOG_PATTERN${LOG_PATTERN${LOG_PATTERN${LOG_PATTERN${LOG_PATTERN java.net.SocketException: Software caused connection abort: socket write error
	at java.net.SocketOutputStream.socketWrite0(Native Method) ~[?:1.8.0_261]
	at java.net.SocketOutputStream.socketWrite(SocketOutputStream.java:111) ~[?:1.8.0_261]
	at java.net.SocketOutputStream.write(SocketOutputStream.java:155) ~[?:1.8.0_261]
	at sun.security.ssl.SSLSocketOutputRecord.deliver(SSLSocketOutputRecord.java:319) ~[?:1.8.0_261]
	at sun.security.ssl.SSLSocketImpl$AppOutputStream.write(SSLSocketImpl.java:1025) ~[?:1.8.0_261]
	at java.io.BufferedOutputStream.flushBuffer(BufferedOutputStream.java:82) ~[?:1.8.0_261]
	at java.io.BufferedOutputStream.flush(BufferedOutputStream.java:140) ~[?:1.8.0_261]
	at com.mysql.cj.protocol.a.SimplePacketSender.send(SimplePacketSender.java:55) ~[mysql-connector-java-8.0.13.jar:8.0.13]
	at com.mysql.cj.protocol.a.TimeTrackingPacketSender.send(TimeTrackingPacketSender.java:50) ~[mysql-connector-java-8.0.13.jar:8.0.13]
	at com.mysql.cj.protocol.a.NativeProtocol.send(NativeProtocol.java:577) ~[mysql-connector-java-8.0.13.jar:8.0.13]
	at com.mysql.cj.protocol.a.NativeProtocol.sendCommand(NativeProtocol.java:647) ~[mysql-connector-java-8.0.13.jar:8.0.13]
	at com.mysql.cj.protocol.a.NativeProtocol.sendQueryPacket(NativeProtocol.java:979) ~[mysql-connector-java-8.0.13.jar:8.0.13]
	at com.mysql.cj.protocol.a.NativeProtocol.sendQueryString(NativeProtocol.java:914) ~[mysql-connector-java-8.0.13.jar:8.0.13]
	at com.mysql.cj.NativeSession.execSQL(NativeSession.java:1150) ~[mysql-connector-java-8.0.13.jar:8.0.13]
	at com.mysql.cj.jdbc.ConnectionImpl.setReadOnlyInternal(ConnectionImpl.java:2172) ~[mysql-connector-java-8.0.13.jar:8.0.13]
	at com.mysql.cj.jdbc.ConnectionImpl.setReadOnly(ConnectionImpl.java:2163) ~[mysql-connector-java-8.0.13.jar:8.0.13]
	at sun.reflect.NativeMethodAccessorImpl.invoke0(Native Method) ~[?:1.8.0_261]
	at sun.reflect.NativeMethodAccessorImpl.invoke(NativeMethodAccessorImpl.java:62) ~[?:1.8.0_261]
	at sun.reflect.DelegatingMethodAccessorImpl.invoke(DelegatingMethodAccessorImpl.java:43) ~[?:1.8.0_261]
	at java.lang.reflect.Method.invoke(Method.java:498) ~[?:1.8.0_261]
	at org.apache.tomcat.jdbc.pool.ProxyConnection.invoke(ProxyConnection.java:126) ~[tomcat-jdbc-8.0.26.jar:?]
	at org.apache.tomcat.jdbc.pool.JdbcInterceptor.invoke(JdbcInterceptor.java:108) ~[tomcat-jdbc-8.0.26.jar:?]
	at org.apache.tomcat.jdbc.pool.DisposableConnectionFacade.invoke(DisposableConnectionFacade.java:81) ~[tomcat-jdbc-8.0.26.jar:?]
	at com.sun.proxy.$Proxy84.setReadOnly(Unknown Source) ~[?:?]
	at org.springframework.jdbc.datasource.DataSourceUtils.prepareConnectionForTransaction(DataSourceUtils.java:155) ~[spring-jdbc-4.1.7.RELEASE.jar:4.1.7.RELEASE]
	at org.springframework.orm.jpa.vendor.HibernateJpaDialect.beginTransaction(HibernateJpaDialect.java:154) ~[spring-orm-4.1.7.RELEASE.jar:4.1.7.RELEASE]
	at org.springframework.orm.jpa.JpaTransactionManager.doBegin(JpaTransactionManager.java:380) ~[spring-orm-4.1.7.RELEASE.jar:4.1.7.RELEASE]
	at org.springframework.transaction.support.AbstractPlatformTransactionManager.getTransaction(AbstractPlatformTransactionManager.java:373) ~[spring-tx-4.1.7.RELEASE.jar:4.1.7.RELEASE]
	at org.springframework.transaction.interceptor.TransactionAspectSupport.createTransactionIfNecessary(TransactionAspectSupport.java:463) ~[spring-tx-4.1.7.RELEASE.jar:4.1.7.RELEASE]
	at org.springframework.transaction.interceptor.TransactionAspectSupport.invokeWithinTransaction(TransactionAspectSupport.java:276) ~[spring-tx-4.1.7.RELEASE.jar:4.1.7.RELEASE]
	at org.springframework.transaction.interceptor.TransactionInterceptor.invoke(TransactionInterceptor.java:96) ~[spring-tx-4.1.7.RELEASE.jar:4.1.7.RELEASE]
	at org.springframework.aop.framework.ReflectiveMethodInvocation.proceed(ReflectiveMethodInvocation.java:179) ~[spring-aop-4.1.7.RELEASE.jar:4.1.7.RELEASE]
	at org.springframework.dao.support.PersistenceExceptionTranslationInterceptor.invoke(PersistenceExceptionTranslationInterceptor.java:136) ~[spring-tx-4.1.7.RELEASE.jar:4.1.7.RELEASE]
	at org.springframework.aop.framework.ReflectiveMethodInvocation.proceed(ReflectiveMethodInvocation.java:179) ~[spring-aop-4.1.7.RELEASE.jar:4.1.7.RELEASE]
	at org.springframework.data.jpa.repository.support.CrudMethodMetadataPostProcessor$CrudMethodMetadataPopulatingMethodIntercceptor.invoke(CrudMethodMetadataPostProcessor.java:122) ~[spring-data-jpa-1.7.3.RELEASE.jar:?]
	at org.springframework.aop.framework.ReflectiveMethodInvocation.proceed(ReflectiveMethodInvocation.java:179) ~[spring-aop-4.1.7.RELEASE.jar:4.1.7.RELEASE]
	at org.springframework.aop.interceptor.ExposeInvocationInterceptor.invoke(ExposeInvocationInterceptor.java:92) ~[spring-aop-4.1.7.RELEASE.jar:4.1.7.RELEASE]
	at org.springframework.aop.framework.ReflectiveMethodInvocation.proceed(ReflectiveMethodInvocation.java:179) ~[spring-aop-4.1.7.RELEASE.jar:4.1.7.RELEASE]
	at org.springframework.aop.framework.JdkDynamicAopProxy.invoke(JdkDynamicAopProxy.java:207) ~[spring-aop-4.1.7.RELEASE.jar:4.1.7.RELEASE]
	at com.sun.proxy.$Proxy102.findAll(Unknown Source) ~[?:?]
	at com.cuevasprojects.inventoryManagement.service.CustomerService.getCustomers(CustomerService.java:29) ~[classes/:?]
	at com.cuevasprojects.inventoryManagement.controller.CustomerController.getCustomers(CustomerController.java:33) ~[classes/:?]
	at sun.reflect.NativeMethodAccessorImpl.invoke0(Native Method) ~[?:1.8.0_261]
	at sun.reflect.NativeMethodAccessorImpl.invoke(NativeMethodAccessorImpl.java:62) ~[?:1.8.0_261]
	at sun.reflect.DelegatingMethodAccessorImpl.invoke(DelegatingMethodAccessorImpl.java:43) ~[?:1.8.0_261]
	at java.lang.reflect.Method.invoke(Method.java:498) ~[?:1.8.0_261]
	at org.springframework.web.method.support.InvocableHandlerMethod.doInvoke(InvocableHandlerMethod.java:221) ~[spring-web-4.1.7.RELEASE.jar:4.1.7.RELEASE]
	at org.springframework.web.method.support.InvocableHandlerMethod.invokeForRequest(InvocableHandlerMethod.java:137) ~[spring-web-4.1.7.RELEASE.jar:4.1.7.RELEASE]
	at org.springframework.web.servlet.mvc.method.annotation.ServletInvocableHandlerMethod.invokeAndHandle(ServletInvocableHandlerMethod.java:110) ~[spring-webmvc-4.1.7.RELEASE.jar:4.1.7.RELEASE]
	at org.springframework.web.servlet.mvc.method.annotation.RequestMappingHandlerAdapter.invokeHandleMethod(RequestMappingHandlerAdapter.java:776) ~[spring-webmvc-4.1.7.RELEASE.jar:4.1.7.RELEASE]
	at org.springframework.web.servlet.mvc.method.annotation.RequestMappingHandlerAdapter.handleInternal(RequestMappingHandlerAdapter.java:705) ~[spring-webmvc-4.1.7.RELEASE.jar:4.1.7.RELEASE]
	at org.springframework.web.servlet.mvc.method.AbstractHandlerMethodAdapter.handle(AbstractHandlerMethodAdapter.java:85) ~[spring-webmvc-4.1.7.RELEASE.jar:4.1.7.RELEASE]
	at org.springframework.web.servlet.DispatcherServlet.doDispatch(DispatcherServlet.java:959) ~[spring-webmvc-4.1.7.RELEASE.jar:4.1.7.RELEASE]
	at org.springframework.web.servlet.DispatcherServlet.doService(DispatcherServlet.java:893) ~[spring-webmvc-4.1.7.RELEASE.jar:4.1.7.RELEASE]
	at org.springframework.web.servlet.FrameworkServlet.processRequest(FrameworkServlet.java:967) ~[spring-webmvc-4.1.7.RELEASE.jar:4.1.7.RELEASE]
	at org.springframework.web.servlet.FrameworkServlet.doGet(FrameworkServlet.java:858) ~[spring-webmvc-4.1.7.RELEASE.jar:4.1.7.RELEASE]
	at javax.servlet.http.HttpServlet.service(HttpServlet.java:622) ~[tomcat-embed-core-8.0.26.jar:8.0.26]
	at org.springframework.web.servlet.FrameworkServlet.service(FrameworkServlet.java:843) ~[spring-webmvc-4.1.7.RELEASE.jar:4.1.7.RELEASE]
	at javax.servlet.http.HttpServlet.service(HttpServlet.java:729) ~[tomcat-embed-core-8.0.26.jar:8.0.26]
	at org.apache.catalina.core.ApplicationFilterChain.internalDoFilter(ApplicationFilterChain.java:291) ~[tomcat-embed-core-8.0.26.jar:8.0.26]
	at org.apache.catalina.core.ApplicationFilterChain.doFilter(ApplicationFilterChain.java:206) ~[tomcat-embed-core-8.0.26.jar:8.0.26]
	at org.apache.tomcat.websocket.server.WsFilter.doFilter(WsFilter.java:52) ~[tomcat-embed-websocket-8.0.26.jar:8.0.26]
	at org.apache.catalina.core.ApplicationFilterChain.internalDoFilter(ApplicationFilterChain.java:239) ~[tomcat-embed-core-8.0.26.jar:8.0.26]
	at org.apache.catalina.core.ApplicationFilterChain.doFilter(ApplicationFilterChain.java:206) ~[tomcat-embed-core-8.0.26.jar:8.0.26]
	at org.springframework.web.filter.HiddenHttpMethodFilter.doFilterInternal(HiddenHttpMethodFilter.java:77) ~[spring-web-4.1.7.RELEASE.jar:4.1.7.RELEASE]
	at org.springframework.web.filter.OncePerRequestFilter.doFilter(OncePerRequestFilter.java:107) ~[spring-web-4.1.7.RELEASE.jar:4.1.7.RELEASE]
	at org.apache.catalina.core.ApplicationFilterChain.internalDoFilter(ApplicationFilterChain.java:239) ~[tomcat-embed-core-8.0.26.jar:8.0.26]
	at org.apache.catalina.core.ApplicationFilterChain.doFilter(ApplicationFilterChain.java:206) ~[tomcat-embed-core-8.0.26.jar:8.0.26]
	at org.springframework.web.filter.CharacterEncodingFilter.doFilterInternal(CharacterEncodingFilter.java:85) ~[spring-web-4.1.7.RELEASE.jar:4.1.7.RELEASE]
	at org.springframework.web.filter.OncePerRequestFilter.doFilter(OncePerRequestFilter.java:107) ~[spring-web-4.1.7.RELEASE.jar:4.1.7.RELEASE]
	at org.apache.catalina.core.ApplicationFilterChain.internalDoFilter(ApplicationFilterChain.java:239) ~[tomcat-embed-core-8.0.26.jar:8.0.26]
	at org.apache.catalina.core.ApplicationFilterChain.doFilter(ApplicationFilterChain.java:206) ~[tomcat-embed-core-8.0.26.jar:8.0.26]
	at org.apache.catalina.core.StandardWrapperValve.invoke(StandardWrapperValve.java:219) [tomcat-embed-core-8.0.26.jar:8.0.26]
	at org.apache.catalina.core.StandardContextValve.invoke(StandardContextValve.java:106) [tomcat-embed-core-8.0.26.jar:8.0.26]
	at org.apache.catalina.authenticator.AuthenticatorBase.invoke(AuthenticatorBase.java:502) [tomcat-embed-core-8.0.26.jar:8.0.26]
	at org.apache.catalina.core.StandardHostValve.invoke(StandardHostValve.java:142) [tomcat-embed-core-8.0.26.jar:8.0.26]
	at org.apache.catalina.valves.ErrorReportValve.invoke(ErrorReportValve.java:79) [tomcat-embed-core-8.0.26.jar:8.0.26]
	at org.apache.catalina.core.StandardEngineValve.invoke(StandardEngineValve.java:88) [tomcat-embed-core-8.0.26.jar:8.0.26]
	at org.apache.catalina.connector.CoyoteAdapter.service(CoyoteAdapter.java:518) [tomcat-embed-core-8.0.26.jar:8.0.26]
	at org.apache.coyote.http11.AbstractHttp11Processor.process(AbstractHttp11Processor.java:1091) [tomcat-embed-core-8.0.26.jar:8.0.26]
	at org.apache.coyote.AbstractProtocol$AbstractConnectionHandler.process(AbstractProtocol.java:673) [tomcat-embed-core-8.0.26.jar:8.0.26]
	at org.apache.tomcat.util.net.NioEndpoint$SocketProcessor.doRun(NioEndpoint.java:1526) [tomcat-embed-core-8.0.26.jar:8.0.26]
	at org.apache.tomcat.util.net.NioEndpoint$SocketProcessor.run(NioEndpoint.java:1482) [tomcat-embed-core-8.0.26.jar:8.0.26]
	at java.util.concurrent.ThreadPoolExecutor.runWorker(ThreadPoolExecutor.java:1149) [?:1.8.0_261]
	at java.util.concurrent.ThreadPoolExecutor$Worker.run(ThreadPoolExecutor.java:624) [?:1.8.0_261]
	at org.apache.tomcat.util.threads.TaskThread$WrappingRunnable.run(TaskThread.java:61) [tomcat-embed-core-8.0.26.jar:8.0.26]
	at java.lang.Thread.run(Thread.java:748) [?:1.8.0_261]
${LOG_PATTERN${LOG_PATTERN${LOG_PATTERN${LOG_PATTERN${LOG_PATTERN${LOG_PATTERN${LOG_PATTERN${LOG_PATTERN${LOG_PATTERN${LOG_PATTERN${LOG_PATTERN${LOG_PATTERN${LOG_PATTERN${LOG_PATTERN${LOG_PATTERN${LOG_PATTERN${LOG_PATTERN${LOG_PATTERN${LOG_PATTERN${LOG_PATTERN${LOG_PATTERN${LOG_PATTERN${LOG_PATTERN${LOG_PATTERN${LOG_PATTERN${LOG_PATTERN${LOG_PATTERN${LOG_PATTERN${LOG_PATTERN${LOG_PATTERN${LOG_PATTERN${LOG_PATTERN${LOG_PATTERN${LOG_PATTERN${LOG_PATTERN${LOG_PATTERN${LOG_PATTERN${LOG_PATTERN${LOG_PATTERN${LOG_PATTERN${LOG_PATTERN${LOG_PATTERN${LOG_PATTERN${LOG_PATTERN${LOG_PATTERN${LOG_PATTERN${LOG_PATTERN${LOG_PATTERN${LOG_PATTERN${LOG_PATTERN${LOG_PATTERN${LOG_PATTERN${LOG_PATTERN${LOG_PATTERN${LOG_PATTERN